Date = Пн мар 11 00:05:25 MSK 2024
Host = cn-027
WorkDir = /home/aeberezin

Number of Nodes Allocated = 1
Number of Tasks Allocated = 4
Numbers of Cores/Task Allocated = 1
Введите размеры матрицы m, n: 
Введите элементы матрицы:

Введите точность вычислений eps: 
==================================
Тест функции... Число запусков: 20
Общее время выполнения: 0.000428
Среднее время выполнения: 0.000021
==================================
Ранг матрицы = 0
Введите размеры матрицы m, n: 
Введите элементы матрицы:

Введите точность вычислений eps: 
==================================
Тест функции... Число запусков: 20
Общее время выполнения: 0.000420
Среднее время выполнения: 0.000021
==================================
Ранг матрицы = 0
Введите размеры матрицы m, n: 
Введите элементы матрицы:

Введите точность вычислений eps: 
==================================
Тест функции... Число запусков: 20
Общее время выполнения: 0.000411
Среднее время выполнения: 0.000021
==================================
Ранг матрицы = 0
Введите размеры матрицы m, n: 
Введите элементы матрицы:

Введите точность вычислений eps: 
==================================
Тест функции... Число запусков: 20
Общее время выполнения: 0.000388
Среднее время выполнения: 0.000019
==================================
Ранг матрицы = 0
