Date = Пн мар 11 00:04:38 MSK 2024
Host = cn-027
WorkDir = /home/aeberezin

Number of Nodes Allocated = 1
Number of Tasks Allocated = 4
Numbers of Cores/Task Allocated = 1
Введите размеры матрицы m, n: 
Введите элементы матрицы:

Введите точность вычислений eps: 
==================================
Тест функции... Число запусков: 20
Общее время выполнения: 0.944640
Среднее время выполнения: 0.047232
==================================
Ранг матрицы = 1
Введите размеры матрицы m, n: 
Введите элементы матрицы:

Введите точность вычислений eps: 
==================================
Тест функции... Число запусков: 20
Общее время выполнения: 0.944415
Среднее время выполнения: 0.047221
==================================
Ранг матрицы = 1
Введите размеры матрицы m, n: 
Введите элементы матрицы:

Введите точность вычислений eps: 
==================================
Тест функции... Число запусков: 20
Общее время выполнения: 0.947946
Среднее время выполнения: 0.047397
==================================
Ранг матрицы = 1
Введите размеры матрицы m, n: 
Введите элементы матрицы:

Введите точность вычислений eps: 
==================================
Тест функции... Число запусков: 20
Общее время выполнения: 0.962232
Среднее время выполнения: 0.048112
==================================
Ранг матрицы = 1
