Date = Пн мар 11 00:04:26 MSK 2024
Host = cn-027
WorkDir = /home/aeberezin

Number of Nodes Allocated = 1
Number of Tasks Allocated = 4
Numbers of Cores/Task Allocated = 1
Введите размеры матрицы m, n: 
Введите элементы матрицы:

Введите точность вычислений eps: 
==================================
Тест функции... Число запусков: 10
Время выполнения: 0.092317
==================================
Ранг матрицы = 1
Введите размеры матрицы m, n: 
Введите элементы матрицы:

Введите точность вычислений eps: 
==================================
Тест функции... Число запусков: 10
Время выполнения: 0.093419
==================================
Ранг матрицы = 1
Введите размеры матрицы m, n: 
Введите элементы матрицы:

Введите точность вычислений eps: 
==================================
Тест функции... Число запусков: 10
Время выполнения: 0.092169
==================================
Ранг матрицы = 1
Введите размеры матрицы m, n: 
Введите элементы матрицы:

Введите точность вычислений eps: 
==================================
Тест функции... Число запусков: 10
Время выполнения: 0.092838
==================================
Ранг матрицы = 1
